c:\users\fmm\documents\visual studio 2017\projects\preprocessing\preprocessing\x64\release\vc141.pdb
c:\users\fmm\documents\visual studio 2017\projects\preprocessing\preprocessing\x64\release\usercom.obj
c:\users\fmm\documents\visual studio 2017\projects\preprocessing\preprocessing\x64\release\myform.obj
c:\users\fmm\documents\visual studio 2017\projects\preprocessing\preprocessing\x64\release\frame.obj
c:\users\fmm\documents\visual studio 2017\projects\preprocessing\preprocessing\x64\release\filebrowser.obj
c:\users\fmm\documents\visual studio 2017\projects\preprocessing\preprocessing\x64\release\band.obj
c:\users\fmm\documents\visual studio 2017\projects\preprocessing\preprocessing\x64\release\.netframework,version=v4.5.2.assemblyattributes.obj
c:\users\fmm\documents\visual studio 2017\projects\preprocessing\preprocessing\x64\release\.netframework,version=v4.5.2.assemblyattributes.asm
c:\users\fmm\documents\visual studio 2017\projects\preprocessing\x64\release\preprocessing.exe
c:\users\fmm\documents\visual studio 2017\projects\preprocessing\x64\release\preprocessing.pdb
c:\users\fmm\documents\visual studio 2017\projects\preprocessing\preprocessing\x64\release\preprocessing.myform.resources
c:\users\fmm\documents\visual studio 2017\projects\preprocessing\x64\release\preprocessing.lib
c:\users\fmm\documents\visual studio 2017\projects\preprocessing\x64\release\preprocessing.exp
c:\users\fmm\documents\visual studio 2017\projects\preprocessing\preprocessing\x64\release\preprocessing.vcxproj.generateresource.cache
c:\users\fmm\documents\visual studio 2017\projects\preprocessing\preprocessing\x64\release\preprocessing.vcxprojresolveassemblyreference.cache
c:\users\fmm\documents\visual studio 2017\projects\preprocessing\preprocessing\x64\release\preprocessing.tlog\cl.command.1.tlog
c:\users\fmm\documents\visual studio 2017\projects\preprocessing\preprocessing\x64\release\preprocessing.tlog\cl.read.1.tlog
c:\users\fmm\documents\visual studio 2017\projects\preprocessing\preprocessing\x64\release\preprocessing.tlog\cl.write.1.tlog
c:\users\fmm\documents\visual studio 2017\projects\preprocessing\preprocessing\x64\release\preprocessing.tlog\link.command.1.tlog
c:\users\fmm\documents\visual studio 2017\projects\preprocessing\preprocessing\x64\release\preprocessing.tlog\link.read.1.tlog
c:\users\fmm\documents\visual studio 2017\projects\preprocessing\preprocessing\x64\release\preprocessing.tlog\link.write.1.tlog
c:\users\fmm\documents\visual studio 2017\projects\preprocessing\preprocessing\x64\release\preprocessing.tlog\metagen.read.1.tlog
c:\users\fmm\documents\visual studio 2017\projects\preprocessing\preprocessing\x64\release\preprocessing.tlog\metagen.write.1.tlog
c:\users\fmm\documents\visual studio 2017\projects\preprocessing\preprocessing\x64\release\preprocessing.tlog\preprocessing.write.1u.tlog
c:\users\fmm\documents\visual studio 2017\projects\preprocessing\preprocessing\x64\release\preprocessing.tlog\tzres.dll.bi
